<?xml version="1.0" encoding="UTF-8"?>
<!-- Generated by org.testng.reporters.JUnitXMLReporter -->
<testsuite ignored="1" hostname="YASHAWANTH" failures="3" tests="4" name="Test" time="174.861" errors="0" timestamp="2024-10-29T15:40:06 IST">
  <testcase classname="All12TCusingTestNGIMplementation.CreatecontactTestpomusingTestNGimple" name="CreateConatctwithEmail" time="60.235"/>
  <testcase classname="All12TCusingTestNGIMplementation.CreatecontactTestpomusingTestNGimple" name="CreateContactwithOrg" time="11.247">
    <failure type="java.lang.AssertionError" message="The following asserts failed:
	expected [true] but found [false]">
      <![CDATA[java.lang.AssertionError: The following asserts failed:
expected [true] but found [false]
at AssertUtility.SoftAssertCalling.softAssertusingboolean(SoftAssertCalling.java:16)
at All12TCusingTestNGIMplementation.CreatecontactTestpomusingTestNGimple.CreateContactwithOrg(CreatecontactTestpomusingTestNGimple.java:74)
at java.base/java.util.ArrayList.forEach(ArrayList.java:1596)
... Removed 27 stack frames]]>
    </failure>
  </testcase> <!-- CreateContactwithOrg -->
  <testcase classname="All12TCusingTestNGIMplementation.CreatecontactTestpomusingTestNGimple" name="CreateContactwithSupportDate" time="13.4">
    <failure type="java.lang.AssertionError" message="The following asserts failed:
	expected [true] but found [false]">
      <![CDATA[java.lang.AssertionError: The following asserts failed:
expected [true] but found [false]
at AssertUtility.SoftAssertCalling.softAssertusingboolean(SoftAssertCalling.java:16)
at All12TCusingTestNGIMplementation.CreatecontactTestpomusingTestNGimple.CreateContactwithSupportDate(CreatecontactTestpomusingTestNGimple.java:179)
at java.base/java.util.ArrayList.forEach(ArrayList.java:1596)
... Removed 27 stack frames]]>
    </failure>
  </testcase> <!-- CreateContactwithSupportDate -->
  <testcase classname="All12TCusingTestNGIMplementation.CreatecontactTestpomusingTestNGimple" name="ReportofOrgnContactTC06Pom" time="11.122">
    <failure type="java.lang.AssertionError" message="The following asserts failed:
	expected [true] but found [false]">
      <![CDATA[java.lang.AssertionError: The following asserts failed:
expected [true] but found [false]
at AssertUtility.SoftAssertCalling.softAssertusingboolean(SoftAssertCalling.java:16)
at All12TCusingTestNGIMplementation.CreatecontactTestpomusingTestNGimple.ReportofOrgnContactTC06Pom(CreatecontactTestpomusingTestNGimple.java:313)
at java.base/java.util.ArrayList.forEach(ArrayList.java:1596)
... Removed 27 stack frames]]>
    </failure>
  </testcase> <!-- ReportofOrgnContactTC06Pom -->
  <testcase classname="All12TCusingTestNGIMplementation.CreatecontactTestpomusingTestNGimple" name="CreatecontactTest" time="0.0">
    <ignored/>
  </testcase> <!-- CreatecontactTest -->
</testsuite> <!-- Test -->
