<?xml version="1.0" encoding="UTF-8"?>
<!-- Generated by org.testng.reporters.JUnitXMLReporter -->
<testsuite ignored="0" hostname="YASHAWANTH" failures="0" tests="5" name="Test_1" time="17.817" errors="0" timestamp="2024-10-22T17:43:43 IST">
  <testcase classname="com.crm.generic.Baseutility.BaseTestforRealProject" name="@BeforeMethod executeBefore" time="10.498">
    <failure type="org.openqa.selenium.NoSuchWindowException" message="no such window: target window already closed
from unknown error: web view not found
  (Session info: MicrosoftEdge=129.0.2792.89)
Build info: version: &amp;apos;4.18.1&amp;apos;, revision: &amp;apos;b1d3319b48&amp;apos;
System info: os.name: &amp;apos;Windows 10&amp;apos;, os.arch: &amp;apos;amd64&amp;apos;, os.version: &amp;apos;10.0&amp;apos;, java.version: &amp;apos;21.0.3&amp;apos;
Driver info: org.openqa.selenium.edge.EdgeDriver
Command: [5bac2ea4739f3c65e0782c4be2e7d6f0, findElements {value=user_name, using=name}]
Capabilities {acceptInsecureCerts: false, browserName: MicrosoftEdge, browserVersion: 129.0.2792.89, fedcm:accounts: true, ms:edgeOptions: {debuggerAddress: localhost:58989}, msedge: {msedgedriverVersion: 129.0.2792.89 (65986ec8d2a8..., userDataDir: C:\Users\kmyas\AppData\Loca...}, networkConnectionEnabled: false, pageLoadStrategy: normal, platformName: windows, proxy: Proxy(), se:cdp: ws://localhost:58989/devtoo..., se:cdpVersion: 129.0.2792.89, setWindowRect: true, strictFileInteractability: false, timeouts: {implicit: 0, pageLoad: 300000, script: 30000}, unhandledPromptBehavior: dismiss and notify, webauthn:extension:credBlob: true, webauthn:extension:largeBlob: true, webauthn:extension:minPinLength: true, webauthn:extension:prf: true, webauthn:virtualAuthenticators: true}
Session ID: 5bac2ea4739f3c65e0782c4be2e7d6f0">
      <![CDATA[org.openqa.selenium.NoSuchWindowException: no such window: target window already closed
from unknown error: web view not found
  (Session info: MicrosoftEdge=129.0.2792.89)
Build info: version: '4.18.1', revision: 'b1d3319b48'
System info: os.name: 'Windows 10', os.arch: 'amd64', os.version: '10.0', java.version: '21.0.3'
Driver info: org.openqa.selenium.edge.EdgeDriver
Command: [5bac2ea4739f3c65e0782c4be2e7d6f0, findElements {value=user_name, using=name}]
Capabilities {acceptInsecureCerts: false, browserName: MicrosoftEdge, browserVersion: 129.0.2792.89, fedcm:accounts: true, ms:edgeOptions: {debuggerAddress: localhost:58989}, msedge: {msedgedriverVersion: 129.0.2792.89 (65986ec8d2a8..., userDataDir: C:\Users\kmyas\AppData\Loca...}, networkConnectionEnabled: false, pageLoadStrategy: normal, platformName: windows, proxy: Proxy(), se:cdp: ws://localhost:58989/devtoo..., se:cdpVersion: 129.0.2792.89, setWindowRect: true, strictFileInteractability: false, timeouts: {implicit: 0, pageLoad: 300000, script: 30000}, unhandledPromptBehavior: dismiss and notify, webauthn:extension:credBlob: true, webauthn:extension:largeBlob: true, webauthn:extension:minPinLength: true, webauthn:extension:prf: true, webauthn:virtualAuthenticators: true}
Session ID: 5bac2ea4739f3c65e0782c4be2e7d6f0
at org.openqa.selenium.remote.ErrorCodec.decode(ErrorCodec.java:167)
at org.openqa.selenium.remote.codec.w3c.W3CHttpResponseCodec.decode(W3CHttpResponseCodec.java:138)
at org.openqa.selenium.remote.codec.w3c.W3CHttpResponseCodec.decode(W3CHttpResponseCodec.java:50)
at org.openqa.selenium.remote.HttpCommandExecutor.execute(HttpCommandExecutor.java:190)
at org.openqa.selenium.remote.service.DriverCommandExecutor.invokeExecute(DriverCommandExecutor.java:216)
at org.openqa.selenium.remote.service.DriverCommandExecutor.execute(DriverCommandExecutor.java:174)
at org.openqa.selenium.remote.RemoteWebDriver.execute(RemoteWebDriver.java:519)
at org.openqa.selenium.remote.ElementLocation$ElementFinder$2.findElements(ElementLocation.java:182)
at org.openqa.selenium.remote.ElementLocation.findElements(ElementLocation.java:110)
at org.openqa.selenium.remote.RemoteWebDriver.findElements(RemoteWebDriver.java:369)
at org.openqa.selenium.remote.RemoteWebDriver.findElements(RemoteWebDriver.java:363)
at org.openqa.selenium.support.pagefactory.ByAll.findElement(ByAll.java:52)
at org.openqa.selenium.remote.ElementLocation$ElementFinder$1.findElement(ElementLocation.java:139)
at org.openqa.selenium.remote.ElementLocation.findElement(ElementLocation.java:81)
at org.openqa.selenium.remote.RemoteWebDriver.findElement(RemoteWebDriver.java:356)
at org.openqa.selenium.remote.RemoteWebDriver.findElement(RemoteWebDriver.java:350)
at org.openqa.selenium.support.pagefactory.DefaultElementLocator.findElement(DefaultElementLocator.java:68)
at org.openqa.selenium.support.pagefactory.internal.LocatingElementHandler.invoke(LocatingElementHandler.java:38)
at jdk.proxy2/jdk.proxy2.$Proxy19.sendKeys(Unknown Source)
at com.comcast.crm.objectRepositoryutility.LoginPage.logintoApp(LoginPage.java:44)
at com.crm.generic.Baseutility.BaseTestforRealProject.executeBefore(BaseTestforRealProject.java:56)
at java.base/java.util.ArrayList.forEach(ArrayList.java:1596)
at java.base/java.util.concurrent.FutureTask.run(FutureTask.java:317)
at java.base/java.util.concurrent.ThreadPoolExecutor.runWorker(ThreadPoolExecutor.java:1144)
at java.base/java.util.concurrent.ThreadPoolExecutor$Worker.run(ThreadPoolExecutor.java:642)
at java.base/java.lang.Thread.run(Thread.java:1583)
... Removed 22 stack frames]]>
    </failure>
  </testcase> <!-- @BeforeMethod executeBefore -->
  <testcase classname="com.crm.generic.Baseutility.BaseTestforRealProject" name="@AfterMethod executeAfter" time="0.0">
    <skipped/>
  </testcase> <!-- @AfterMethod executeAfter -->
  <testcase classname="com.crm.generic.Baseutility.BaseTestforRealProject" name="@BeforeMethod executeBefore" time="0.0">
    <skipped/>
  </testcase> <!-- @BeforeMethod executeBefore -->
  <testcase classname="com.crm.generic.Baseutility.BaseTestforRealProject" name="@AfterMethod executeAfter" time="0.0">
    <skipped/>
  </testcase> <!-- @AfterMethod executeAfter -->
  <testcase classname="com.crm.generic.Baseutility.BaseTestforRealProject" name="@BeforeMethod executeBefore" time="0.0">
    <skipped/>
  </testcase> <!-- @BeforeMethod executeBefore -->
  <testcase classname="com.crm.generic.Baseutility.BaseTestforRealProject" name="@AfterMethod executeAfter" time="0.0">
    <skipped/>
  </testcase> <!-- @AfterMethod executeAfter -->
  <testcase classname="com.crm.generic.Baseutility.BaseTestforRealProject" name="@BeforeMethod executeBefore" time="0.0">
    <skipped/>
  </testcase> <!-- @BeforeMethod executeBefore -->
  <testcase classname="com.crm.generic.Baseutility.BaseTestforRealProject" name="@AfterMethod executeAfter" time="0.0">
    <skipped/>
  </testcase> <!-- @AfterMethod executeAfter -->
  <testcase classname="com.crm.generic.Baseutility.BaseTestforRealProject" name="@AfterClass Afterclass" time="0.0">
    <skipped/>
  </testcase> <!-- @AfterClass Afterclass -->
  <testcase classname="com.crm.generic.Baseutility.BaseTestforRealProject" name="@BeforeMethod executeBefore" time="13.005">
    <failure type="org.openqa.selenium.NoSuchWindowException" message="no such window: target window already closed
from unknown error: web view not found
  (Session info: MicrosoftEdge=129.0.2792.89)
Build info: version: &amp;apos;4.18.1&amp;apos;, revision: &amp;apos;b1d3319b48&amp;apos;
System info: os.name: &amp;apos;Windows 10&amp;apos;, os.arch: &amp;apos;amd64&amp;apos;, os.version: &amp;apos;10.0&amp;apos;, java.version: &amp;apos;21.0.3&amp;apos;
Driver info: org.openqa.selenium.edge.EdgeDriver
Command: [3d0c3e82d784aae81031def325a55f86, findElements {value=user_name, using=name}]
Capabilities {acceptInsecureCerts: false, browserName: MicrosoftEdge, browserVersion: 129.0.2792.89, fedcm:accounts: true, ms:edgeOptions: {debuggerAddress: localhost:58979}, msedge: {msedgedriverVersion: 129.0.2792.89 (65986ec8d2a8..., userDataDir: C:\Users\kmyas\AppData\Loca...}, networkConnectionEnabled: false, pageLoadStrategy: normal, platformName: windows, proxy: Proxy(), se:cdp: ws://localhost:58979/devtoo..., se:cdpVersion: 129.0.2792.89, setWindowRect: true, strictFileInteractability: false, timeouts: {implicit: 0, pageLoad: 300000, script: 30000}, unhandledPromptBehavior: dismiss and notify, webauthn:extension:credBlob: true, webauthn:extension:largeBlob: true, webauthn:extension:minPinLength: true, webauthn:extension:prf: true, webauthn:virtualAuthenticators: true}
Session ID: 3d0c3e82d784aae81031def325a55f86">
      <![CDATA[org.openqa.selenium.NoSuchWindowException: no such window: target window already closed
from unknown error: web view not found
  (Session info: MicrosoftEdge=129.0.2792.89)
Build info: version: '4.18.1', revision: 'b1d3319b48'
System info: os.name: 'Windows 10', os.arch: 'amd64', os.version: '10.0', java.version: '21.0.3'
Driver info: org.openqa.selenium.edge.EdgeDriver
Command: [3d0c3e82d784aae81031def325a55f86, findElements {value=user_name, using=name}]
Capabilities {acceptInsecureCerts: false, browserName: MicrosoftEdge, browserVersion: 129.0.2792.89, fedcm:accounts: true, ms:edgeOptions: {debuggerAddress: localhost:58979}, msedge: {msedgedriverVersion: 129.0.2792.89 (65986ec8d2a8..., userDataDir: C:\Users\kmyas\AppData\Loca...}, networkConnectionEnabled: false, pageLoadStrategy: normal, platformName: windows, proxy: Proxy(), se:cdp: ws://localhost:58979/devtoo..., se:cdpVersion: 129.0.2792.89, setWindowRect: true, strictFileInteractability: false, timeouts: {implicit: 0, pageLoad: 300000, script: 30000}, unhandledPromptBehavior: dismiss and notify, webauthn:extension:credBlob: true, webauthn:extension:largeBlob: true, webauthn:extension:minPinLength: true, webauthn:extension:prf: true, webauthn:virtualAuthenticators: true}
Session ID: 3d0c3e82d784aae81031def325a55f86
at org.openqa.selenium.remote.ErrorCodec.decode(ErrorCodec.java:167)
at org.openqa.selenium.remote.codec.w3c.W3CHttpResponseCodec.decode(W3CHttpResponseCodec.java:138)
at org.openqa.selenium.remote.codec.w3c.W3CHttpResponseCodec.decode(W3CHttpResponseCodec.java:50)
at org.openqa.selenium.remote.HttpCommandExecutor.execute(HttpCommandExecutor.java:190)
at org.openqa.selenium.remote.service.DriverCommandExecutor.invokeExecute(DriverCommandExecutor.java:216)
at org.openqa.selenium.remote.service.DriverCommandExecutor.execute(DriverCommandExecutor.java:174)
at org.openqa.selenium.remote.RemoteWebDriver.execute(RemoteWebDriver.java:519)
at org.openqa.selenium.remote.ElementLocation$ElementFinder$2.findElements(ElementLocation.java:182)
at org.openqa.selenium.remote.ElementLocation.findElements(ElementLocation.java:110)
at org.openqa.selenium.remote.RemoteWebDriver.findElements(RemoteWebDriver.java:369)
at org.openqa.selenium.remote.RemoteWebDriver.findElements(RemoteWebDriver.java:363)
at org.openqa.selenium.support.pagefactory.ByAll.findElement(ByAll.java:52)
at org.openqa.selenium.remote.ElementLocation$ElementFinder$1.findElement(ElementLocation.java:139)
at org.openqa.selenium.remote.ElementLocation.findElement(ElementLocation.java:81)
at org.openqa.selenium.remote.RemoteWebDriver.findElement(RemoteWebDriver.java:356)
at org.openqa.selenium.remote.RemoteWebDriver.findElement(RemoteWebDriver.java:350)
at org.openqa.selenium.support.pagefactory.DefaultElementLocator.findElement(DefaultElementLocator.java:68)
at org.openqa.selenium.support.pagefactory.internal.LocatingElementHandler.invoke(LocatingElementHandler.java:38)
at jdk.proxy2/jdk.proxy2.$Proxy19.sendKeys(Unknown Source)
at com.comcast.crm.objectRepositoryutility.LoginPage.logintoApp(LoginPage.java:44)
at com.crm.generic.Baseutility.BaseTestforRealProject.executeBefore(BaseTestforRealProject.java:56)
at java.base/java.util.ArrayList.forEach(ArrayList.java:1596)
at java.base/java.util.concurrent.FutureTask.run(FutureTask.java:317)
at java.base/java.util.concurrent.ThreadPoolExecutor.runWorker(ThreadPoolExecutor.java:1144)
at java.base/java.util.concurrent.ThreadPoolExecutor$Worker.run(ThreadPoolExecutor.java:642)
at java.base/java.lang.Thread.run(Thread.java:1583)
... Removed 22 stack frames]]>
    </failure>
  </testcase> <!-- @BeforeMethod executeBefore -->
  <testcase classname="com.crm.generic.Baseutility.BaseTestforRealProject" name="@AfterMethod executeAfter" time="0.0">
    <skipped/>
  </testcase> <!-- @AfterMethod executeAfter -->
  <testcase classname="com.crm.generic.Baseutility.BaseTestforRealProject" name="@BeforeMethod executeBefore" time="0.0">
    <skipped/>
  </testcase> <!-- @BeforeMethod executeBefore -->
  <testcase classname="com.crm.generic.Baseutility.BaseTestforRealProject" name="@AfterMethod executeAfter" time="0.0">
    <skipped/>
  </testcase> <!-- @AfterMethod executeAfter -->
  <testcase classname="com.crm.generic.Baseutility.BaseTestforRealProject" name="@BeforeMethod executeBefore" time="0.0">
    <skipped/>
  </testcase> <!-- @BeforeMethod executeBefore -->
  <testcase classname="com.crm.generic.Baseutility.BaseTestforRealProject" name="@AfterMethod executeAfter" time="0.0">
    <skipped/>
  </testcase> <!-- @AfterMethod executeAfter -->
  <testcase classname="com.crm.generic.Baseutility.BaseTestforRealProject" name="@BeforeMethod executeBefore" time="0.0">
    <skipped/>
  </testcase> <!-- @BeforeMethod executeBefore -->
  <testcase classname="com.crm.generic.Baseutility.BaseTestforRealProject" name="@AfterMethod executeAfter" time="0.0">
    <skipped/>
  </testcase> <!-- @AfterMethod executeAfter -->
  <testcase classname="com.crm.generic.Baseutility.BaseTestforRealProject" name="@BeforeMethod executeBefore" time="0.0">
    <skipped/>
  </testcase> <!-- @BeforeMethod executeBefore -->
  <testcase classname="com.crm.generic.Baseutility.BaseTestforRealProject" name="@AfterMethod executeAfter" time="0.0">
    <skipped/>
  </testcase> <!-- @AfterMethod executeAfter -->
  <testcase classname="com.crm.generic.Baseutility.BaseTestforRealProject" name="@AfterClass Afterclass" time="0.0">
    <skipped/>
  </testcase> <!-- @AfterClass Afterclass -->
  <testcase classname="All12TCusingTestNGIMplementation.CreatecontactTestpomusingTestNGimple" name="CreateConatctwithEmail" time="0.0">
    <skipped/>
  </testcase> <!-- CreateConatctwithEmail -->
  <testcase classname="All12TCusingTestNGIMplementation.CreatecontactTestpomusingTestNGimple" name="CreateContactwithOrg" time="0.0">
    <skipped/>
  </testcase> <!-- CreateContactwithOrg -->
  <testcase classname="All12TCusingTestNGIMplementation.CreatecontactTestpomusingTestNGimple" name="CreateContactwithSupportDate" time="0.001">
    <skipped/>
  </testcase> <!-- CreateContactwithSupportDate -->
  <testcase classname="All12TCusingTestNGIMplementation.CreatecontactTestpomusingTestNGimple" name="CreatecontactTest" time="0.0">
    <skipped/>
  </testcase> <!-- CreatecontactTest -->
  <testcase classname="All12TCusingTestNGIMplementation.CreatecontactTestpomusingTestNGimple" name="ReportofOrgnContactTC06Pom" time="0.001">
    <skipped/>
  </testcase> <!-- ReportofOrgnContactTC06Pom -->
</testsuite> <!-- Test_1 -->
