<html>
<head>
<title>TestNG:  Test_Runner1</title>
<link href="../testng.css" rel="stylesheet" type="text/css" />
<link href="../my-testng.css" rel="stylesheet" type="text/css" />

<style type="text/css">
.log { display: none;} 
.stack-trace { display: none;} 
</style>
<script type="text/javascript">
<!--
function flip(e) {
  current = e.style.display;
  if (current == 'block') {
    e.style.display = 'none';
    return 0;
  }
  else {
    e.style.display = 'block';
    return 1;
  }
}

function toggleBox(szDivId, elem, msg1, msg2)
{
  var res = -1;  if (document.getElementById) {
    res = flip(document.getElementById(szDivId));
  }
  else if (document.all) {
    // this is the way old msie versions work
    res = flip(document.all[szDivId]);
  }
  if(elem) {
    if(res == 0) elem.innerHTML = msg1; else elem.innerHTML = msg2;
  }

}

function toggleAllBoxes() {
  if (document.getElementsByTagName) {
    d = document.getElementsByTagName('div');
    for (i = 0; i < d.length; i++) {
      if (d[i].className == 'log') {
        flip(d[i]);
      }
    }
  }
}

// -->
</script>

</head>
<body>
<h2 align='center'>Test_Runner1</h2><table border='1' align="center">
<tr>
<td>Tests passed/Failed/Skipped:</td><td>10/1/0</td>
</tr><tr>
<td>Started on:</td><td>Thu Oct 24 17:08:25 IST 2024</td>
</tr>
<tr><td>Total time:</td><td>200 seconds (200322 ms)</td>
</tr><tr>
<td>Included groups:</td><td></td>
</tr><tr>
<td>Excluded groups:</td><td></td>
</tr>
</table><p/>
<small><i>(Hover the method name to see the test class name)</i></small><p/>
<table width='100%' border='1' class='invocation-failed'>
<tr><td colspan='4' align='center'><b>FAILED TESTS</b></td></tr>
<tr><td><b>Test method</b></td>
<td width="30%"><b>Exception</b></td>
<td width="10%"><b>Time (seconds)</b></td>
<td><b>Instance</b></td>
</tr>
<tr>
<td title='All12TCusingTestNGIMplementation.CreateOppertunitiesusingTestNGpomImple.CreateOppertunities()'><b>CreateOppertunities</b><br>Test class: All12TCusingTestNGIMplementation.CreateOppertunitiesusingTestNGpomImple</td>
<td><div><pre>java.lang.AssertionError: expected [Opportunitymodule1672] but found [[ ACC410 ] Opportunitymodule1672 - Organization Information]
	at AssertUtility.HardAssertCalling.hardAssertforboolean(HardAssertCalling.java:12)
	at All12TCusingTestNGIMplementation.CreateOppertunitiesusingTestNGpomImple.CreateOppertunities(CreateOppertunitiesusingTestNGpomImple.java:38)
	at java.base/java.util.concurrent.ThreadPoolExecutor.runWorker(ThreadPoolExecutor.java:1144)
	at java.base/java.util.concurrent.ThreadPoolExecutor$Worker.run(ThreadPoolExecutor.java:642)
	at java.base/java.lang.Thread.run(Thread.java:1583)
... Removed 16 stack frames</pre></div><a href='#' onClick='toggleBox("stack-trace1912718130", this, "Click to show all stack frames", "Click to hide stack frames")'>Click to show all stack frames</a>
<div class='stack-trace' id='stack-trace1912718130'><pre>java.lang.AssertionError: expected [Opportunitymodule1672] but found [[ ACC410 ] Opportunitymodule1672 - Organization Information]
	at org.testng.Assert.fail(Assert.java:99)
	at org.testng.Assert.failNotEquals(Assert.java:1037)
	at org.testng.Assert.assertEqualsImpl(Assert.java:140)
	at org.testng.Assert.assertEquals(Assert.java:122)
	at org.testng.Assert.assertEquals(Assert.java:629)
	at org.testng.Assert.assertEquals(Assert.java:639)
	at AssertUtility.HardAssertCalling.hardAssertforboolean(HardAssertCalling.java:12)
	at All12TCusingTestNGIMplementation.CreateOppertunitiesusingTestNGpomImple.CreateOppertunities(CreateOppertunitiesusingTestNGpomImple.java:38)
	at java.base/jdk.internal.reflect.DirectMethodHandleAccessor.invoke(DirectMethodHandleAccessor.java:103)
	at java.base/java.lang.reflect.Method.invoke(Method.java:580)
	at org.testng.internal.MethodInvocationHelper.invokeMethod(MethodInvocationHelper.java:133)
	at org.testng.internal.TestInvoker.invokeMethod(TestInvoker.java:598)
	at org.testng.internal.TestInvoker.invokeTestMethod(TestInvoker.java:173)
	at org.testng.internal.MethodRunner.runInSequence(MethodRunner.java:46)
	at org.testng.internal.TestInvoker$MethodInvocationAgent.invoke(TestInvoker.java:824)
	at org.testng.internal.TestInvoker.invokeTestMethods(TestInvoker.java:146)
	at org.testng.internal.TestMethodWorker.invokeTestMethods(TestMethodWorker.java:146)
	at org.testng.internal.TestMethodWorker.run(TestMethodWorker.java:128)
	at java.base/java.util.concurrent.ThreadPoolExecutor.runWorker(ThreadPoolExecutor.java:1144)
	at java.base/java.util.concurrent.ThreadPoolExecutor$Worker.run(ThreadPoolExecutor.java:642)
	at java.base/java.lang.Thread.run(Thread.java:1583)
</pre></div></td>
<td>10</td>
<td>All12TCusingTestNGIMplementation.CreateOppertunitiesusingTestNGpomImple@f0c8a99</td></tr>
</table><p>
<table width='100%' border='1' class='invocation-passed'>
<tr><td colspan='4' align='center'><b>PASSED TESTS</b></td></tr>
<tr><td><b>Test method</b></td>
<td width="30%"><b>Exception</b></td>
<td width="10%"><b>Time (seconds)</b></td>
<td><b>Instance</b></td>
</tr>
<tr>
<td title='All12TCusingTestNGIMplementation.CreatecontactTestpomusingTestNGimple.ReportofOrgnContactTC06Pom()'><b>ReportofOrgnContactTC06Pom</b><br>Test class: All12TCusingTestNGIMplementation.CreatecontactTestpomusingTestNGimple</td>
<td></td>
<td>9</td>
<td>All12TCusingTestNGIMplementation.CreatecontactTestpomusingTestNGimple@6892b3b6</td></tr>
<tr>
<td title='All12TCusingTestNGIMplementation.CreteOrgTestPOMusingTestNGimple.CreateOrganizationwithIndustryTestpom()'><b>CreateOrganizationwithIndustryTestpom</b><br>Test class: All12TCusingTestNGIMplementation.CreteOrgTestPOMusingTestNGimple</td>
<td></td>
<td>10</td>
<td>All12TCusingTestNGIMplementation.CreteOrgTestPOMusingTestNGimple@11392934</td></tr>
<tr>
<td title='All12TCusingTestNGIMplementation.CreatecontactTestpomusingTestNGimple.CreateConatctwithEmail()'><b>CreateConatctwithEmail</b><br>Test class: All12TCusingTestNGIMplementation.CreatecontactTestpomusingTestNGimple</td>
<td></td>
<td>46</td>
<td>All12TCusingTestNGIMplementation.CreatecontactTestpomusingTestNGimple@6892b3b6</td></tr>
<tr>
<td title='All12TCusingTestNGIMplementation.CreatecontactTestpomusingTestNGimple.CreateContactwithSupportDate()'><b>CreateContactwithSupportDate</b><br>Test class: All12TCusingTestNGIMplementation.CreatecontactTestpomusingTestNGimple</td>
<td></td>
<td>11</td>
<td>All12TCusingTestNGIMplementation.CreatecontactTestpomusingTestNGimple@6892b3b6</td></tr>
<tr>
<td title='All12TCusingTestNGIMplementation.CreatecontactTestpomusingTestNGimple.CreateContactwithOrg()'><b>CreateContactwithOrg</b><br>Test class: All12TCusingTestNGIMplementation.CreatecontactTestpomusingTestNGimple</td>
<td></td>
<td>25</td>
<td>All12TCusingTestNGIMplementation.CreatecontactTestpomusingTestNGimple@6892b3b6</td></tr>
<tr>
<td title='All12TCusingTestNGIMplementation.CreteOrgTestPOMusingTestNGimple.CreateORGwithPHoneNUm()'><b>CreateORGwithPHoneNUm</b><br>Test class: All12TCusingTestNGIMplementation.CreteOrgTestPOMusingTestNGimple</td>
<td></td>
<td>11</td>
<td>All12TCusingTestNGIMplementation.CreteOrgTestPOMusingTestNGimple@11392934</td></tr>
<tr>
<td title='All12TCusingTestNGIMplementation.CreatecontactTestpomusingTestNGimple.CreatecontactTest()'><b>CreatecontactTest</b><br>Test class: All12TCusingTestNGIMplementation.CreatecontactTestpomusingTestNGimple</td>
<td></td>
<td>9</td>
<td>All12TCusingTestNGIMplementation.CreatecontactTestpomusingTestNGimple@6892b3b6</td></tr>
<tr>
<td title='All12TCusingTestNGIMplementation.CreateTicketusingTestngImple.CreateTicket1()'><b>CreateTicket1</b><br>Test class: All12TCusingTestNGIMplementation.CreateTicketusingTestngImple</td>
<td></td>
<td>17</td>
<td>All12TCusingTestNGIMplementation.CreateTicketusingTestngImple@2a265ea9</td></tr>
<tr>
<td title='All12TCusingTestNGIMplementation.CreteOrgTestPOMusingTestNGimple.CreateOrg()'><b>CreateOrg</b><br>Test class: All12TCusingTestNGIMplementation.CreteOrgTestPOMusingTestNGimple</td>
<td></td>
<td>9</td>
<td>All12TCusingTestNGIMplementation.CreteOrgTestPOMusingTestNGimple@11392934</td></tr>
<tr>
<td title='All12TCusingTestNGIMplementation.CreteOrgTestPOMusingTestNGimple.DeleteOrganizationTestPom()'><b>DeleteOrganizationTestPom</b><br>Test class: All12TCusingTestNGIMplementation.CreteOrgTestPOMusingTestNGimple</td>
<td></td>
<td>15</td>
<td>All12TCusingTestNGIMplementation.CreteOrgTestPOMusingTestNGimple@11392934</td></tr>
</table><p>
</body>
</html>